.//toolchain/dependencies/dependencies.sh
Checking build system dependencies:

GNU make version '3.81beta4':	    Ok
gcc version '4.0.3':		    Ok
which installed:		    Ok
bison installed:		    Ok
flex installed:			    Ok
gettext installed:		    Ok
Build system dependencies:	    Ok
make -j3 -C /home/ccm2200/buildroot/build_arm/wu-ftpd-2.6.2 CC=/home/ccm2200/buildroot/build_arm/staging_dir/bin/arm-linux-uclibc-gcc  
make[1]: Entering directory `/home/ccm2200/buildroot/build_arm/wu-ftpd-2.6.2'
(cd support ; make all)
make[2]: Entering directory `/home/ccm2200/buildroot/build_arm/wu-ftpd-2.6.2/support'
rm -f libsupport.a
/home/ccm2200/buildroot/build_arm/staging_dir/bin/arm-linux-uclibc-ar cq libsupport.a authuser.o             
/home/ccm2200/buildroot/build_arm/staging_dir/bin/arm-linux-uclibc-ranlib libsupport.a
make[2]: Leaving directory `/home/ccm2200/buildroot/build_arm/wu-ftpd-2.6.2/support'
(cd util/privatepw ; make all)
make[2]: Entering directory `/home/ccm2200/buildroot/build_arm/wu-ftpd-2.6.2/util/privatepw'
make[2]: Für das Ziel »all« ist nichts zu tun.
make[2]: Leaving directory `/home/ccm2200/buildroot/build_arm/wu-ftpd-2.6.2/util/privatepw'
(cd src ; make all)
make[2]: Entering directory `/home/ccm2200/buildroot/build_arm/wu-ftpd-2.6.2/src'
bison -y ftpcmd.y
/home/ccm2200/buildroot/build_arm/staging_dir/bin/arm-linux-uclibc-gcc  -Os -pipe  -I.. -I../support -c -o glob.o glob.c
make[2]: Leaving directory `/home/ccm2200/buildroot/build_arm/wu-ftpd-2.6.2/src'
make[1]: Leaving directory `/home/ccm2200/buildroot/build_arm/wu-ftpd-2.6.2'
